<?xml version="1.0" encoding="UTF-8"?>
<robot generator="Robot 7.1.1 (Python 3.13.0 on win32)" generated="2025-04-15T22:44:30.209720" rpa="false" schemaversion="5">
<suite id="s1" name="Test Orange" source="C:\Users\André\Desktop\test02\test_orange.robot">
<test id="s1-t1" name="TC05 - Atualizar dados do usuário" line="131">
<kw name="Abrir o navegador e acessar o site" type="SETUP">
<kw name="Set Selenium Speed" owner="SeleniumLibrary">
<arg>value=0.5</arg>
<doc>Sets the delay that is waited after each Selenium command.</doc>
<status status="PASS" start="2025-04-15T22:44:30.592371" elapsed="0.000365"/>
</kw>
<kw name="Open Browser" owner="SeleniumLibrary">
<msg time="2025-04-15T22:44:30.593433" level="INFO">Opening browser 'chrome' to base url 'https://opensource-demo.orangehrmlive.com/web/index.php/auth/login'.</msg>
<msg time="2025-04-15T22:44:30.944655" level="WARN">The chromedriver version (134.0.6998.165) detected in PATH at C:\Users\André\AppData\Local\Programs\Python\Python313\Scripts\chromedriver.exe might not be compatible with the detected chrome version (135.0.7049.85); currently, chromedriver 135.0.7049.95 is recommended for chrome 135.*, so it is advised to delete the driver in PATH and retry</msg>
<arg>browser=${BROWSER}</arg>
<arg>url=${URL}</arg>
<doc>Opens a new browser instance to the optional ``url``.</doc>
<status status="PASS" start="2025-04-15T22:44:30.593013" elapsed="4.895167"/>
</kw>
<status status="PASS" start="2025-04-15T22:44:30.591035" elapsed="4.897385"/>
</kw>
<kw name="Informar o nome de usuário ${USER_NAME}" source_name="Informar o nome de usuário ${nome}">
<kw name="Input Text" owner="SeleniumLibrary">
<msg time="2025-04-15T22:44:35.490838" level="INFO">Typing text 'Admin' into text field '//Input[@name="username"]'.</msg>
<arg>locator=${INPUT_USERNAME}</arg>
<arg>text=${nome}</arg>
<doc>Types the given ``text`` into the text field identified by ``locator``.</doc>
<status status="PASS" start="2025-04-15T22:44:35.489868" elapsed="1.713439"/>
</kw>
<status status="PASS" start="2025-04-15T22:44:35.489114" elapsed="1.714846"/>
</kw>
<kw name="Informar a senha">
<kw name="Input Text" owner="SeleniumLibrary">
<msg time="2025-04-15T22:44:37.208407" level="INFO">Typing text 'admin123' into text field '//input[@name="password"]'.</msg>
<arg>locator=${INPUT_PASSWORD}</arg>
<arg>text=${password}</arg>
<doc>Types the given ``text`` into the text field identified by ``locator``.</doc>
<status status="PASS" start="2025-04-15T22:44:37.207038" elapsed="1.722037"/>
</kw>
<arg>${PASSWORD}</arg>
<status status="PASS" start="2025-04-15T22:44:37.205535" elapsed="1.724054"/>
</kw>
<kw name="Clicar no botão de login">
<kw name="Click Element" owner="SeleniumLibrary">
<msg time="2025-04-15T22:44:38.933064" level="INFO">Clicking element '//button[@class="oxd-button oxd-button--medium oxd-button--main orangehrm-login-button"]'.</msg>
<arg>locator=${BUTTON_LOGIN}</arg>
<doc>Click the element identified by ``locator``.</doc>
<status status="PASS" start="2025-04-15T22:44:38.932139" elapsed="2.152120"/>
</kw>
<status status="PASS" start="2025-04-15T22:44:38.930984" elapsed="2.153472"/>
</kw>
<kw name="Verificar se o login foi feito">
<kw name="Wait Until Element Is Visible" owner="SeleniumLibrary">
<arg>locator=${BUTTON_UPGRADE}</arg>
<arg>timeout=15s</arg>
<doc>Waits until the element ``locator`` is visible.</doc>
<status status="PASS" start="2025-04-15T22:44:41.086051" elapsed="1.100345"/>
</kw>
<status status="PASS" start="2025-04-15T22:44:41.085354" elapsed="1.101372"/>
</kw>
<kw name="Clicar na opção my info">
<kw name="Click Element" owner="SeleniumLibrary">
<msg time="2025-04-15T22:44:42.188377" level="INFO">Clicking element '//a[@class="oxd-main-menu-item active"]'.</msg>
<arg>locator=${BUTTON_MY_INFO}</arg>
<doc>Click the element identified by ``locator``.</doc>
<status status="PASS" start="2025-04-15T22:44:42.188020" elapsed="1.587565"/>
</kw>
<status status="PASS" start="2025-04-15T22:44:42.187371" elapsed="1.588789"/>
</kw>
<kw name="Atualizar first name ${FIRST_NAME}" source_name="Atualizar first name ${first_name}">
<kw name="Input Text" owner="SeleniumLibrary">
<msg time="2025-04-15T22:44:43.777966" level="INFO">Typing text 'André' into text field '//input[@class="oxd-input oxd-input--active orangehrm-firstname"]'.</msg>
<msg time="2025-04-15T22:44:45.174508" level="INFO" html="true">&lt;/td&gt;&lt;/tr&gt;&lt;tr&gt;&lt;td colspan="3"&gt;&lt;a href="selenium-screenshot-29.png"&gt;&lt;img src="selenium-screenshot-29.png" width="800px"&gt;&lt;/a&gt;</msg>
<msg time="2025-04-15T22:44:45.174872" level="FAIL">Element with locator '//input[@class="oxd-input oxd-input--active orangehrm-firstname"]' not found.</msg>
<arg>locator=${INPUT_FIRST_NAME_FIELD}</arg>
<arg>text=${first_name}</arg>
<doc>Types the given ``text`` into the text field identified by ``locator``.</doc>
<status status="FAIL" start="2025-04-15T22:44:43.777591" elapsed="1.404806">Element with locator '//input[@class="oxd-input oxd-input--active orangehrm-firstname"]' not found.</status>
</kw>
<status status="FAIL" start="2025-04-15T22:44:43.777121" elapsed="1.405690">Element with locator '//input[@class="oxd-input oxd-input--active orangehrm-firstname"]' not found.</status>
</kw>
<kw name="Atualizar middle name ${MID_NAME}" source_name="Atualizar middle name ${mid_name}">
<status status="NOT RUN" start="2025-04-15T22:44:45.188618" elapsed="0.000106"/>
</kw>
<kw name="Atualizar last name ${LAST_NAME}" source_name="Atualizar last name ${last_name}">
<status status="NOT RUN" start="2025-04-15T22:44:45.189201" elapsed="0.000103"/>
</kw>
<kw name="Clicar no botão de salvar">
<status status="NOT RUN" start="2025-04-15T22:44:45.189919" elapsed="0.000083"/>
</kw>
<kw name="Close Browser" owner="SeleniumLibrary" type="TEARDOWN">
<doc>Closes the current browser.</doc>
<status status="PASS" start="2025-04-15T22:44:45.190707" elapsed="3.846776"/>
</kw>
<tag>TC05</tag>
<status status="FAIL" start="2025-04-15T22:44:30.589675" elapsed="18.448896">Element with locator '//input[@class="oxd-input oxd-input--active orangehrm-firstname"]' not found.</status>
</test>
<status status="FAIL" start="2025-04-15T22:44:30.212154" elapsed="18.832523"/>
</suite>
<statistics>
<total>
<stat pass="0" fail="1" skip="0">All Tests</stat>
</total>
<tag>
<stat pass="0" fail="1" skip="0">TC05</stat>
</tag>
<suite>
<stat pass="0" fail="1" skip="0" id="s1" name="Test Orange">Test Orange</stat>
</suite>
</statistics>
<errors>
<msg time="2025-04-15T22:44:30.944655" level="WARN">The chromedriver version (134.0.6998.165) detected in PATH at C:\Users\André\AppData\Local\Programs\Python\Python313\Scripts\chromedriver.exe might not be compatible with the detected chrome version (135.0.7049.85); currently, chromedriver 135.0.7049.95 is recommended for chrome 135.*, so it is advised to delete the driver in PATH and retry</msg>
</errors>
</robot>
