<?xml version="1.0" encoding="UTF-8"?>
<robot generator="Robot 7.1.1 (Python 3.13.0 on win32)" generated="2025-04-21T20:47:08.045800" rpa="false" schemaversion="5">
<suite id="s1" name="Test Orange" source="C:\Users\André\Desktop\test02\test\test_orange.robot">
<test id="s1-t1" name="TC05 - Atualizar dados do usuário" line="46">
<kw name="Abrir o navegador e acessar o site" owner="orange" type="SETUP">
<kw name="Set Selenium Speed" owner="SeleniumLibrary">
<arg>value=0.5</arg>
<doc>Sets the delay that is waited after each Selenium command.</doc>
<status status="PASS" start="2025-04-21T20:47:08.369709" elapsed="0.000363"/>
</kw>
<kw name="Open Browser" owner="SeleniumLibrary">
<msg time="2025-04-21T20:47:08.370773" level="INFO">Opening browser 'chrome' to base url 'https://opensource-demo.orangehrmlive.com/web/index.php/auth/login'.</msg>
<msg time="2025-04-21T20:47:08.709203" level="WARN">The chromedriver version (134.0.6998.165) detected in PATH at C:\Users\André\AppData\Local\Programs\Python\Python313\Scripts\chromedriver.exe might not be compatible with the detected chrome version (135.0.7049.85); currently, chromedriver 135.0.7049.95 is recommended for chrome 135.*, so it is advised to delete the driver in PATH and retry</msg>
<arg>browser=${BROWSER}</arg>
<arg>url=${URL}</arg>
<doc>Opens a new browser instance to the optional ``url``.</doc>
<status status="PASS" start="2025-04-21T20:47:08.370358" elapsed="4.330333"/>
</kw>
<kw name="Maximize Browser Window" owner="SeleniumLibrary">
<doc>Maximizes current browser window.</doc>
<status status="PASS" start="2025-04-21T20:47:12.701139" elapsed="0.549464"/>
</kw>
<status status="PASS" start="2025-04-21T20:47:08.368364" elapsed="4.882724"/>
</kw>
<kw name="Informar o nome de usuário" owner="orange">
<kw name="Input Text" owner="SeleniumLibrary">
<msg time="2025-04-21T20:47:13.255648" level="INFO">Typing text 'Admin' into text field '//Input[@name="username"]'.</msg>
<arg>locator=${INPUT_USERNAME}</arg>
<arg>text=${nome}</arg>
<doc>Types the given ``text`` into the text field identified by ``locator``.</doc>
<status status="PASS" start="2025-04-21T20:47:13.254054" elapsed="1.673706"/>
</kw>
<arg>${USER_NAME}</arg>
<status status="PASS" start="2025-04-21T20:47:13.252614" elapsed="1.675677"/>
</kw>
<kw name="Informar a senha" owner="orange">
<kw name="Input Text" owner="SeleniumLibrary">
<msg time="2025-04-21T20:47:14.932213" level="INFO">Typing text 'admin123' into text field '//input[@name="password"]'.</msg>
<arg>locator=${INPUT_PASSWORD}</arg>
<arg>text=${password}</arg>
<doc>Types the given ``text`` into the text field identified by ``locator``.</doc>
<status status="PASS" start="2025-04-21T20:47:14.931060" elapsed="1.727465"/>
</kw>
<arg>${PASSWORD}</arg>
<status status="PASS" start="2025-04-21T20:47:14.929673" elapsed="1.729351"/>
</kw>
<kw name="Clicar no botão de login" owner="orange">
<kw name="Click Element" owner="SeleniumLibrary">
<msg time="2025-04-21T20:47:16.662512" level="INFO">Clicking element '//button[@class="oxd-button oxd-button--medium oxd-button--main orangehrm-login-button"]'.</msg>
<arg>locator=${BUTTON_LOGIN}</arg>
<doc>Click the element identified by ``locator``.</doc>
<status status="PASS" start="2025-04-21T20:47:16.661562" elapsed="2.128203"/>
</kw>
<status status="PASS" start="2025-04-21T20:47:16.660413" elapsed="2.129599"/>
</kw>
<kw name="Verificar se o login foi feito" owner="orange">
<kw name="Wait Until Element Is Visible" owner="SeleniumLibrary">
<arg>locator=${BUTTON_UPGRADE}</arg>
<arg>timeout=15s</arg>
<doc>Waits until the element ``locator`` is visible.</doc>
<status status="PASS" start="2025-04-21T20:47:18.791109" elapsed="1.043404"/>
</kw>
<status status="PASS" start="2025-04-21T20:47:18.790578" elapsed="1.044188"/>
</kw>
<kw name="Clicar na opção my info" owner="orange">
<kw name="Click Element" owner="SeleniumLibrary">
<msg time="2025-04-21T20:47:19.838080" level="INFO">Clicking element '//*[@id="app"]/div[1]/div[1]/aside/nav/div[2]/ul/li[6]/a/span'.</msg>
<arg>locator=${BUTTON_MY_INFO}</arg>
<doc>Click the element identified by ``locator``.</doc>
<status status="PASS" start="2025-04-21T20:47:19.837513" elapsed="1.756950"/>
</kw>
<status status="PASS" start="2025-04-21T20:47:19.835447" elapsed="1.760262"/>
</kw>
<kw name="Atualizar first name ${FIRST_NAME}" owner="orange" source_name="Atualizar first name ${first_name}">
<kw name="Input Text" owner="SeleniumLibrary">
<msg time="2025-04-21T20:47:21.598309" level="INFO">Typing text 'André' into text field '//input[@class="oxd-input oxd-input--active orangehrm-firstname"]'.</msg>
<arg>locator=${INPUT_FIRST_NAME_FIELD}</arg>
<arg>text=${first_name}</arg>
<doc>Types the given ``text`` into the text field identified by ``locator``.</doc>
<status status="PASS" start="2025-04-21T20:47:21.597723" elapsed="1.786426"/>
</kw>
<status status="PASS" start="2025-04-21T20:47:21.596686" elapsed="1.787954"/>
</kw>
<kw name="Atualizar middle name ${MID_NAME}" owner="orange" source_name="Atualizar middle name ${mid_name}">
<kw name="Input Text" owner="SeleniumLibrary">
<msg time="2025-04-21T20:47:23.390226" level="INFO">Typing text 'Tocha' into text field '//input[@name="middleName"]'.</msg>
<arg>locator=${INPUT_MID_NAME_FIELD}</arg>
<arg>text=${mid_name}</arg>
<doc>Types the given ``text`` into the text field identified by ``locator``.</doc>
<status status="PASS" start="2025-04-21T20:47:23.388404" elapsed="1.730998"/>
</kw>
<status status="PASS" start="2025-04-21T20:47:23.386246" elapsed="1.733646"/>
</kw>
<kw name="Atualizar last name ${LAST_NAME}" owner="orange" source_name="Atualizar last name ${last_name}">
<kw name="Input Text" owner="SeleniumLibrary">
<msg time="2025-04-21T20:47:25.123808" level="INFO">Typing text 'Almeida' into text field '//input[@name="lastName"]'.</msg>
<arg>locator=${INPUT_LAST_NAME_FIELD}</arg>
<arg>text=${last_name}</arg>
<doc>Types the given ``text`` into the text field identified by ``locator``.</doc>
<status status="PASS" start="2025-04-21T20:47:25.122650" elapsed="1.712114"/>
</kw>
<status status="PASS" start="2025-04-21T20:47:25.121299" elapsed="1.713963"/>
</kw>
<kw name="Clicar no botão de salvar" owner="orange">
<kw name="Click Element" owner="SeleniumLibrary">
<msg time="2025-04-21T20:47:26.839428" level="INFO">Clicking element '//button[@class="oxd-button oxd-button--medium oxd-button--secondary orangehrm-left-space"]'.</msg>
<arg>locator=${BUTTON_SAVE}</arg>
<doc>Click the element identified by ``locator``.</doc>
<status status="PASS" start="2025-04-21T20:47:26.838533" elapsed="1.125054"/>
</kw>
<status status="PASS" start="2025-04-21T20:47:26.837435" elapsed="1.126626"/>
</kw>
<kw name="Verificar se nome foi substituido com sucesso" owner="orange">
<kw name="Click Element" owner="SeleniumLibrary">
<msg time="2025-04-21T20:47:27.967496" level="INFO">Clicking element '//img[@class="employee-image"]'.</msg>
<arg>locator=${IMG_USER}</arg>
<doc>Click the element identified by ``locator``.</doc>
<status status="PASS" start="2025-04-21T20:47:27.966576" elapsed="1.489633"/>
</kw>
<kw name="Wait Until Element Is Visible" owner="SeleniumLibrary">
<arg>locator=${IMG_USER}</arg>
<arg>timeout=15s</arg>
<doc>Waits until the element ``locator`` is visible.</doc>
<status status="PASS" start="2025-04-21T20:47:29.457473" elapsed="1.067267"/>
</kw>
<status status="PASS" start="2025-04-21T20:47:27.965420" elapsed="2.559812"/>
</kw>
<kw name="Close Browser" owner="SeleniumLibrary" type="TEARDOWN">
<doc>Closes the current browser.</doc>
<status status="PASS" start="2025-04-21T20:47:30.526918" elapsed="2.674511"/>
</kw>
<tag>TC05</tag>
<status status="PASS" start="2025-04-21T20:47:08.366992" elapsed="24.835321"/>
</test>
<doc>teste site Amazon</doc>
<status status="PASS" start="2025-04-21T20:47:08.047818" elapsed="25.159183"/>
</suite>
<statistics>
<total>
<stat pass="1" fail="0" skip="0">All Tests</stat>
</total>
<tag>
<stat pass="1" fail="0" skip="0">TC05</stat>
</tag>
<suite>
<stat pass="1" fail="0" skip="0" id="s1" name="Test Orange">Test Orange</stat>
</suite>
</statistics>
<errors>
<msg time="2025-04-21T20:47:08.709203" level="WARN">The chromedriver version (134.0.6998.165) detected in PATH at C:\Users\André\AppData\Local\Programs\Python\Python313\Scripts\chromedriver.exe might not be compatible with the detected chrome version (135.0.7049.85); currently, chromedriver 135.0.7049.95 is recommended for chrome 135.*, so it is advised to delete the driver in PATH and retry</msg>
</errors>
</robot>
