<?xml version="1.0" encoding="UTF-8"?>
<robot generator="Robot 7.1.1 (Python 3.13.0 on win32)" generated="2025-04-12T08:05:28.015548" rpa="false" schemaversion="5">
<suite id="s1" name="Test Orange" source="C:\Users\André\Desktop\test02\test_orange.robot">
<test id="s1-t1" name="TC05 - Acessar o site do Orange HRM e fazer login, e trocar nome do usauario" line="120">
<kw name="Abrir o navegador e acessar o site" type="SETUP">
<kw name="Set Selenium Speed" owner="SeleniumLibrary">
<arg>value=0.5</arg>
<doc>Sets the delay that is waited after each Selenium command.</doc>
<status status="PASS" start="2025-04-12T08:05:28.345289" elapsed="0.000317"/>
</kw>
<kw name="Open Browser" owner="SeleniumLibrary">
<msg time="2025-04-12T08:05:28.346219" level="INFO">Opening browser 'chrome' to base url 'https://opensource-demo.orangehrmlive.com/web/index.php/auth/login'.</msg>
<msg time="2025-04-12T08:05:28.686279" level="WARN">The chromedriver version (134.0.6998.165) detected in PATH at C:\Users\André\AppData\Local\Programs\Python\Python313\Scripts\chromedriver.exe might not be compatible with the detected chrome version (135.0.7049.42); currently, chromedriver 135.0.7049.84 is recommended for chrome 135.*, so it is advised to delete the driver in PATH and retry</msg>
<arg>browser=${BROWSER}</arg>
<arg>url=${URL}</arg>
<doc>Opens a new browser instance to the optional ``url``.</doc>
<status status="PASS" start="2025-04-12T08:05:28.345849" elapsed="4.597065"/>
</kw>
<status status="PASS" start="2025-04-12T08:05:28.344108" elapsed="4.599158"/>
</kw>
<kw name="Verificar se a página foi aberta">
<kw name="Wait Until Element Is Visible" owner="SeleniumLibrary">
<arg>locator=${INPUT_USERNAME}</arg>
<arg>timeout=15s</arg>
<doc>Waits until the element ``locator`` is visible.</doc>
<status status="PASS" start="2025-04-12T08:05:32.944766" elapsed="1.064827"/>
</kw>
<status status="PASS" start="2025-04-12T08:05:32.944069" elapsed="1.066062"/>
</kw>
<kw name="Informar o nome de usuário">
<kw name="Input Text" owner="SeleniumLibrary">
<msg time="2025-04-12T08:05:34.013881" level="INFO">Typing text 'Admin' into text field '//Input[@name="username"]'.</msg>
<arg>locator=${INPUT_USERNAME}</arg>
<arg>text=${USER_NAME}</arg>
<doc>Types the given ``text`` into the text field identified by ``locator``.</doc>
<status status="PASS" start="2025-04-12T08:05:34.012685" elapsed="1.672457"/>
</kw>
<status status="PASS" start="2025-04-12T08:05:34.011489" elapsed="1.674167"/>
</kw>
<kw name="Informar a senha">
<kw name="Input Text" owner="SeleniumLibrary">
<msg time="2025-04-12T08:05:35.689175" level="INFO">Typing text 'admin123' into text field '//input[@name="password"]'.</msg>
<arg>locator=${INPUT_PASSWORD}</arg>
<arg>text=${PASSWORD}</arg>
<doc>Types the given ``text`` into the text field identified by ``locator``.</doc>
<status status="PASS" start="2025-04-12T08:05:35.688010" elapsed="1.741409"/>
</kw>
<status status="PASS" start="2025-04-12T08:05:35.686899" elapsed="1.743048"/>
</kw>
<kw name="Clicar no botão de login">
<kw name="Click Element" owner="SeleniumLibrary">
<msg time="2025-04-12T08:05:37.433257" level="INFO">Clicking element '//button[@class="oxd-button oxd-button--medium oxd-button--main orangehrm-login-button"]'.</msg>
<arg>locator=${BUTTON_LOGIN}</arg>
<doc>Click the element identified by ``locator``.</doc>
<status status="PASS" start="2025-04-12T08:05:37.432309" elapsed="2.187026"/>
</kw>
<status status="PASS" start="2025-04-12T08:05:37.431200" elapsed="2.188461"/>
</kw>
<kw name="Verificar se o login foi feito">
<kw name="Wait Until Element Is Visible" owner="SeleniumLibrary">
<arg>locator=${BUTTON_UPGRADE}</arg>
<arg>timeout=15s</arg>
<doc>Waits until the element ``locator`` is visible.</doc>
<status status="PASS" start="2025-04-12T08:05:39.621060" elapsed="1.059335"/>
</kw>
<status status="PASS" start="2025-04-12T08:05:39.620399" elapsed="1.060511"/>
</kw>
<kw name="Trocar de nome e sobrenome">
<kw name="Click Element" owner="SeleniumLibrary">
<msg time="2025-04-12T08:05:40.687969" level="INFO">Clicking element '//*[@id="app"]/div[1]/div[1]/aside/nav/div[2]/ul/li[6]/a'.</msg>
<arg>locator=${BUTTON_MY_INFO}</arg>
<doc>Click the element identified by ``locator``.</doc>
<status status="PASS" start="2025-04-12T08:05:40.686422" elapsed="1.812294"/>
</kw>
<kw name="Click Element" owner="SeleniumLibrary">
<msg time="2025-04-12T08:05:42.499950" level="INFO">Clicking element '//input[@name="firstName"]'.</msg>
<arg>locator=${FIRST_NAME_FIELD}</arg>
<doc>Click the element identified by ``locator``.</doc>
<status status="PASS" start="2025-04-12T08:05:42.499293" elapsed="1.209837"/>
</kw>
<kw name="Input Text" owner="SeleniumLibrary">
<msg time="2025-04-12T08:05:43.710907" level="INFO">Typing text 'Tocha' into text field '//input[@name="firstName"]'.</msg>
<arg>locator=${FIRST_NAME_FIELD}</arg>
<arg>text=Tocha</arg>
<doc>Types the given ``text`` into the text field identified by ``locator``.</doc>
<status status="PASS" start="2025-04-12T08:05:43.709826" elapsed="1.702446"/>
</kw>
<kw name="Click Element" owner="SeleniumLibrary">
<msg time="2025-04-12T08:05:45.413972" level="INFO">Clicking element '//input[@name="middleName"]'.</msg>
<arg>locator=${MID_NAME_FIELD}</arg>
<doc>Click the element identified by ``locator``.</doc>
<status status="PASS" start="2025-04-12T08:05:45.412990" elapsed="1.147519"/>
</kw>
<kw name="Input Text" owner="SeleniumLibrary">
<msg time="2025-04-12T08:05:46.561663" level="INFO">Typing text 'Teste' into text field '//input[@name="middleName"]'.</msg>
<arg>locator=${MID_NAME_FIELD}</arg>
<arg>text=Teste</arg>
<doc>Types the given ``text`` into the text field identified by ``locator``.</doc>
<status status="PASS" start="2025-04-12T08:05:46.560972" elapsed="1.747669"/>
</kw>
<kw name="Click Element" owner="SeleniumLibrary">
<msg time="2025-04-12T08:05:48.310375" level="INFO">Clicking element '//input[@name="lastName"]'.</msg>
<arg>locator=${LAST_NAME_FIELD}</arg>
<doc>Click the element identified by ``locator``.</doc>
<status status="PASS" start="2025-04-12T08:05:48.309371" elapsed="1.116351"/>
</kw>
<kw name="Input Text" owner="SeleniumLibrary">
<msg time="2025-04-12T08:05:49.427484" level="INFO">Typing text 'Almeida' into text field '//input[@name="lastName"]'.</msg>
<arg>locator=${LAST_NAME_FIELD}</arg>
<arg>text=Almeida</arg>
<doc>Types the given ``text`` into the text field identified by ``locator``.</doc>
<status status="PASS" start="2025-04-12T08:05:49.426419" elapsed="1.724972"/>
</kw>
<kw name="Click Element" owner="SeleniumLibrary">
<msg time="2025-04-12T08:05:51.153102" level="INFO">Clicking element '//button[@class="oxd-button oxd-button--medium oxd-button--secondary orangehrm-left-space"]'.</msg>
<arg>locator=${BUTTON_SAVE}</arg>
<doc>Click the element identified by ``locator``.</doc>
<status status="PASS" start="2025-04-12T08:05:51.152115" elapsed="1.109325"/>
</kw>
<status status="PASS" start="2025-04-12T08:05:40.684484" elapsed="11.578603"/>
</kw>
<kw name="Close Browser" owner="SeleniumLibrary" type="TEARDOWN">
<doc>Closes the current browser.</doc>
<status status="PASS" start="2025-04-12T08:05:52.264931" elapsed="2.729825"/>
</kw>
<tag>Login</tag>
<tag>TC05</tag>
<status status="PASS" start="2025-04-12T08:05:28.342712" elapsed="26.652799"/>
</test>
<status status="PASS" start="2025-04-12T08:05:28.017547" elapsed="26.981196"/>
</suite>
<statistics>
<total>
<stat pass="1" fail="0" skip="0">All Tests</stat>
</total>
<tag>
<stat pass="1" fail="0" skip="0">Login</stat>
<stat pass="1" fail="0" skip="0">TC05</stat>
</tag>
<suite>
<stat pass="1" fail="0" skip="0" id="s1" name="Test Orange">Test Orange</stat>
</suite>
</statistics>
<errors>
<msg time="2025-04-12T08:05:28.686279" level="WARN">The chromedriver version (134.0.6998.165) detected in PATH at C:\Users\André\AppData\Local\Programs\Python\Python313\Scripts\chromedriver.exe might not be compatible with the detected chrome version (135.0.7049.42); currently, chromedriver 135.0.7049.84 is recommended for chrome 135.*, so it is advised to delete the driver in PATH and retry</msg>
</errors>
</robot>
