<?xml version="1.0" encoding="UTF-8"?>
<robot generator="Robot 7.1.1 (Python 3.13.0 on win32)" generated="2025-04-12T16:43:58.008923" rpa="false" schemaversion="5">
<suite id="s1" name="Test Orange" source="C:\Users\André\Desktop\test02\test_orange.robot">
<test id="s1-t1" name="TC01 - Acessar o site do Orange HRM" line="88">
<kw name="Abrir o navegador e acessar o site" type="SETUP">
<kw name="Set Selenium Speed" owner="SeleniumLibrary">
<arg>value=0.5</arg>
<doc>Sets the delay that is waited after each Selenium command.</doc>
<status status="PASS" start="2025-04-12T16:43:58.345031" elapsed="0.000316"/>
</kw>
<kw name="Open Browser" owner="SeleniumLibrary">
<msg time="2025-04-12T16:43:58.346017" level="INFO">Opening browser 'chrome' to base url 'https://opensource-demo.orangehrmlive.com/web/index.php/auth/login'.</msg>
<msg time="2025-04-12T16:43:58.710871" level="WARN">The chromedriver version (134.0.6998.165) detected in PATH at C:\Users\André\AppData\Local\Programs\Python\Python313\Scripts\chromedriver.exe might not be compatible with the detected chrome version (135.0.7049.85); currently, chromedriver 135.0.7049.84 is recommended for chrome 135.*, so it is advised to delete the driver in PATH and retry</msg>
<arg>browser=${BROWSER}</arg>
<arg>url=${URL}</arg>
<doc>Opens a new browser instance to the optional ``url``.</doc>
<status status="PASS" start="2025-04-12T16:43:58.345637" elapsed="4.903645"/>
</kw>
<status status="PASS" start="2025-04-12T16:43:58.343866" elapsed="4.905661"/>
</kw>
<kw name="Verificar se a página foi aberta">
<kw name="Wait Until Element Is Visible" owner="SeleniumLibrary">
<arg>locator=${INPUT_USERNAME}</arg>
<arg>timeout=15s</arg>
<doc>Waits until the element ``locator`` is visible.</doc>
<status status="PASS" start="2025-04-12T16:44:03.250694" elapsed="1.069527"/>
</kw>
<status status="PASS" start="2025-04-12T16:44:03.250164" elapsed="1.070612"/>
</kw>
<kw name="Close Browser" owner="SeleniumLibrary" type="TEARDOWN">
<doc>Closes the current browser.</doc>
<status status="PASS" start="2025-04-12T16:44:04.322456" elapsed="2.703489"/>
</kw>
<tag>Login</tag>
<tag>TC01</tag>
<status status="PASS" start="2025-04-12T16:43:58.342645" elapsed="8.684176"/>
</test>
<test id="s1-t2" name="TC02 - Acessar o site do Orange HRM e fazer login" line="93">
<kw name="Abrir o navegador e acessar o site" type="SETUP">
<kw name="Set Selenium Speed" owner="SeleniumLibrary">
<arg>value=0.5</arg>
<doc>Sets the delay that is waited after each Selenium command.</doc>
<status status="PASS" start="2025-04-12T16:44:07.033942" elapsed="0.000794"/>
</kw>
<kw name="Open Browser" owner="SeleniumLibrary">
<msg time="2025-04-12T16:44:07.036482" level="INFO">Opening browser 'chrome' to base url 'https://opensource-demo.orangehrmlive.com/web/index.php/auth/login'.</msg>
<msg time="2025-04-12T16:44:07.535166" level="WARN">The chromedriver version (134.0.6998.165) detected in PATH at C:\Users\André\AppData\Local\Programs\Python\Python313\Scripts\chromedriver.exe might not be compatible with the detected chrome version (135.0.7049.85); currently, chromedriver 135.0.7049.84 is recommended for chrome 135.*, so it is advised to delete the driver in PATH and retry</msg>
<arg>browser=${BROWSER}</arg>
<arg>url=${URL}</arg>
<doc>Opens a new browser instance to the optional ``url``.</doc>
<status status="PASS" start="2025-04-12T16:44:07.035420" elapsed="5.159181"/>
</kw>
<status status="PASS" start="2025-04-12T16:44:07.032832" elapsed="5.162078"/>
</kw>
<kw name="Verificar se a página foi aberta">
<kw name="Wait Until Element Is Visible" owner="SeleniumLibrary">
<arg>locator=${INPUT_USERNAME}</arg>
<arg>timeout=15s</arg>
<doc>Waits until the element ``locator`` is visible.</doc>
<status status="PASS" start="2025-04-12T16:44:12.196251" elapsed="1.063402"/>
</kw>
<status status="PASS" start="2025-04-12T16:44:12.195631" elapsed="1.064530"/>
</kw>
<kw name="Informar o nome de usuário">
<kw name="Input Text" owner="SeleniumLibrary">
<msg time="2025-04-12T16:44:13.263965" level="INFO">Typing text 'Admin' into text field '//Input[@name="username"]'.</msg>
<arg>locator=${INPUT_USERNAME}</arg>
<arg>text=${USER_NAME}</arg>
<doc>Types the given ``text`` into the text field identified by ``locator``.</doc>
<status status="PASS" start="2025-04-12T16:44:13.262760" elapsed="1.719334"/>
</kw>
<status status="PASS" start="2025-04-12T16:44:13.261472" elapsed="1.721138"/>
</kw>
<kw name="Informar a senha">
<kw name="Input Text" owner="SeleniumLibrary">
<msg time="2025-04-12T16:44:14.986322" level="INFO">Typing text 'admin123' into text field '//input[@name="password"]'.</msg>
<arg>locator=${INPUT_PASSWORD}</arg>
<arg>text=${PASSWORD}</arg>
<doc>Types the given ``text`` into the text field identified by ``locator``.</doc>
<status status="PASS" start="2025-04-12T16:44:14.985157" elapsed="1.816326"/>
</kw>
<status status="PASS" start="2025-04-12T16:44:14.983914" elapsed="1.818075"/>
</kw>
<kw name="Clicar no botão de login">
<kw name="Click Element" owner="SeleniumLibrary">
<msg time="2025-04-12T16:44:16.805322" level="INFO">Clicking element '//button[@class="oxd-button oxd-button--medium oxd-button--main orangehrm-login-button"]'.</msg>
<arg>locator=${BUTTON_LOGIN}</arg>
<doc>Click the element identified by ``locator``.</doc>
<status status="PASS" start="2025-04-12T16:44:16.804367" elapsed="1.287591"/>
</kw>
<status status="PASS" start="2025-04-12T16:44:16.803226" elapsed="1.289213"/>
</kw>
<kw name="Verificar se o login foi feito">
<kw name="Wait Until Element Is Visible" owner="SeleniumLibrary">
<arg>locator=${BUTTON_UPGRADE}</arg>
<arg>timeout=15s</arg>
<doc>Waits until the element ``locator`` is visible.</doc>
<status status="PASS" start="2025-04-12T16:44:18.095347" elapsed="2.347875"/>
</kw>
<status status="PASS" start="2025-04-12T16:44:18.093845" elapsed="2.349684"/>
</kw>
<kw name="Close Browser" owner="SeleniumLibrary" type="TEARDOWN">
<doc>Closes the current browser.</doc>
<status status="PASS" start="2025-04-12T16:44:20.444438" elapsed="2.658141"/>
</kw>
<tag>Login</tag>
<tag>TC02</tag>
<status status="PASS" start="2025-04-12T16:44:07.030528" elapsed="16.072928"/>
</test>
<test id="s1-t3" name="TC03 - Acessar o site do Orange HRM e fazer login com username inválido" line="102">
<kw name="Abrir o navegador e acessar o site" type="SETUP">
<kw name="Set Selenium Speed" owner="SeleniumLibrary">
<arg>value=0.5</arg>
<doc>Sets the delay that is waited after each Selenium command.</doc>
<status status="PASS" start="2025-04-12T16:44:23.110625" elapsed="0.000775"/>
</kw>
<kw name="Open Browser" owner="SeleniumLibrary">
<msg time="2025-04-12T16:44:23.113116" level="INFO">Opening browser 'chrome' to base url 'https://opensource-demo.orangehrmlive.com/web/index.php/auth/login'.</msg>
<msg time="2025-04-12T16:44:23.548963" level="WARN">The chromedriver version (134.0.6998.165) detected in PATH at C:\Users\André\AppData\Local\Programs\Python\Python313\Scripts\chromedriver.exe might not be compatible with the detected chrome version (135.0.7049.85); currently, chromedriver 135.0.7049.84 is recommended for chrome 135.*, so it is advised to delete the driver in PATH and retry</msg>
<arg>browser=${BROWSER}</arg>
<arg>url=${URL}</arg>
<doc>Opens a new browser instance to the optional ``url``.</doc>
<status status="PASS" start="2025-04-12T16:44:23.112090" elapsed="4.912485"/>
</kw>
<status status="PASS" start="2025-04-12T16:44:23.109528" elapsed="4.915421"/>
</kw>
<kw name="Verificar se a página foi aberta">
<kw name="Wait Until Element Is Visible" owner="SeleniumLibrary">
<arg>locator=${INPUT_USERNAME}</arg>
<arg>timeout=15s</arg>
<doc>Waits until the element ``locator`` is visible.</doc>
<status status="PASS" start="2025-04-12T16:44:28.028498" elapsed="1.061907"/>
</kw>
<status status="PASS" start="2025-04-12T16:44:28.028045" elapsed="1.062867"/>
</kw>
<kw name="Informar o nome de usuário inválido">
<kw name="Input Text" owner="SeleniumLibrary">
<msg time="2025-04-12T16:44:29.094671" level="INFO">Typing text 'Gator' into text field '//Input[@name="username"]'.</msg>
<arg>locator=${INPUT_USERNAME}</arg>
<arg>text=${INVALID_USER_NAME}</arg>
<doc>Types the given ``text`` into the text field identified by ``locator``.</doc>
<status status="PASS" start="2025-04-12T16:44:29.093465" elapsed="1.718606"/>
</kw>
<status status="PASS" start="2025-04-12T16:44:29.092201" elapsed="1.720406"/>
</kw>
<kw name="Informar a senha">
<kw name="Input Text" owner="SeleniumLibrary">
<msg time="2025-04-12T16:44:30.816296" level="INFO">Typing text 'admin123' into text field '//input[@name="password"]'.</msg>
<arg>locator=${INPUT_PASSWORD}</arg>
<arg>text=${PASSWORD}</arg>
<doc>Types the given ``text`` into the text field identified by ``locator``.</doc>
<status status="PASS" start="2025-04-12T16:44:30.815123" elapsed="1.815101"/>
</kw>
<status status="PASS" start="2025-04-12T16:44:30.813877" elapsed="1.816831"/>
</kw>
<kw name="Clicar no botão de login">
<kw name="Click Element" owner="SeleniumLibrary">
<msg time="2025-04-12T16:44:32.633997" level="INFO">Clicking element '//button[@class="oxd-button oxd-button--medium oxd-button--main orangehrm-login-button"]'.</msg>
<arg>locator=${BUTTON_LOGIN}</arg>
<doc>Click the element identified by ``locator``.</doc>
<status status="PASS" start="2025-04-12T16:44:32.633063" elapsed="1.821575"/>
</kw>
<status status="PASS" start="2025-04-12T16:44:32.631909" elapsed="1.823204"/>
</kw>
<kw name="Exibir resposta de credencial inválida">
<kw name="Wait Until Element Is Visible" owner="SeleniumLibrary">
<arg>locator=${INVALID_CREDENTIALS}</arg>
<doc>Waits until the element ``locator`` is visible.</doc>
<status status="PASS" start="2025-04-12T16:44:34.457617" elapsed="1.083330"/>
</kw>
<status status="PASS" start="2025-04-12T16:44:34.456374" elapsed="1.084876"/>
</kw>
<kw name="Close Browser" owner="SeleniumLibrary" type="TEARDOWN">
<doc>Closes the current browser.</doc>
<status status="PASS" start="2025-04-12T16:44:35.542387" elapsed="3.794720"/>
</kw>
<tag>Login</tag>
<tag>TC03</tag>
<status status="PASS" start="2025-04-12T16:44:23.107078" elapsed="16.230920"/>
</test>
<test id="s1-t4" name="TC04 - Acessar o site do Orange HRM e fazer login com senha inválida" line="111">
<kw name="Abrir o navegador e acessar o site" type="SETUP">
<kw name="Set Selenium Speed" owner="SeleniumLibrary">
<arg>value=0.5</arg>
<doc>Sets the delay that is waited after each Selenium command.</doc>
<status status="PASS" start="2025-04-12T16:44:39.345233" elapsed="0.000755"/>
</kw>
<kw name="Open Browser" owner="SeleniumLibrary">
<msg time="2025-04-12T16:44:39.347670" level="INFO">Opening browser 'chrome' to base url 'https://opensource-demo.orangehrmlive.com/web/index.php/auth/login'.</msg>
<msg time="2025-04-12T16:44:39.716921" level="WARN">The chromedriver version (134.0.6998.165) detected in PATH at C:\Users\André\AppData\Local\Programs\Python\Python313\Scripts\chromedriver.exe might not be compatible with the detected chrome version (135.0.7049.85); currently, chromedriver 135.0.7049.84 is recommended for chrome 135.*, so it is advised to delete the driver in PATH and retry</msg>
<arg>browser=${BROWSER}</arg>
<arg>url=${URL}</arg>
<doc>Opens a new browser instance to the optional ``url``.</doc>
<status status="PASS" start="2025-04-12T16:44:39.346660" elapsed="4.747632"/>
</kw>
<status status="PASS" start="2025-04-12T16:44:39.344136" elapsed="4.750358"/>
</kw>
<kw name="Verificar se a página foi aberta">
<kw name="Wait Until Element Is Visible" owner="SeleniumLibrary">
<arg>locator=${INPUT_USERNAME}</arg>
<arg>timeout=15s</arg>
<doc>Waits until the element ``locator`` is visible.</doc>
<status status="PASS" start="2025-04-12T16:44:44.095705" elapsed="1.062969"/>
</kw>
<status status="PASS" start="2025-04-12T16:44:44.095114" elapsed="1.064086"/>
</kw>
<kw name="Informar o nome de usuário">
<kw name="Input Text" owner="SeleniumLibrary">
<msg time="2025-04-12T16:44:45.162870" level="INFO">Typing text 'Admin' into text field '//Input[@name="username"]'.</msg>
<arg>locator=${INPUT_USERNAME}</arg>
<arg>text=${USER_NAME}</arg>
<doc>Types the given ``text`` into the text field identified by ``locator``.</doc>
<status status="PASS" start="2025-04-12T16:44:45.161716" elapsed="1.733580"/>
</kw>
<status status="PASS" start="2025-04-12T16:44:45.160481" elapsed="1.735313"/>
</kw>
<kw name="Informar a senha inválida">
<kw name="Input Text" owner="SeleniumLibrary">
<msg time="2025-04-12T16:44:46.899504" level="INFO">Typing text 'gator123' into text field '//input[@name="password"]'.</msg>
<arg>locator=${INPUT_PASSWORD}</arg>
<arg>text=${INVALID_PASSWORD}</arg>
<doc>Types the given ``text`` into the text field identified by ``locator``.</doc>
<status status="PASS" start="2025-04-12T16:44:46.898313" elapsed="1.837371"/>
</kw>
<status status="PASS" start="2025-04-12T16:44:46.897065" elapsed="1.839122"/>
</kw>
<kw name="Clicar no botão de login">
<kw name="Click Element" owner="SeleniumLibrary">
<msg time="2025-04-12T16:44:48.739826" level="INFO">Clicking element '//button[@class="oxd-button oxd-button--medium oxd-button--main orangehrm-login-button"]'.</msg>
<arg>locator=${BUTTON_LOGIN}</arg>
<doc>Click the element identified by ``locator``.</doc>
<status status="PASS" start="2025-04-12T16:44:48.738862" elapsed="2.301256"/>
</kw>
<status status="PASS" start="2025-04-12T16:44:48.737480" elapsed="2.303106"/>
</kw>
<kw name="Exibir resposta de senha inválida">
<kw name="Wait Until Element Is Visible" owner="SeleniumLibrary">
<arg>locator=${INVALID_CREDENTIALS}</arg>
<doc>Waits until the element ``locator`` is visible.</doc>
<status status="PASS" start="2025-04-12T16:44:51.042937" elapsed="1.086661"/>
</kw>
<status status="PASS" start="2025-04-12T16:44:51.041809" elapsed="1.088281"/>
</kw>
<kw name="Close Browser" owner="SeleniumLibrary" type="TEARDOWN">
<doc>Closes the current browser.</doc>
<status status="PASS" start="2025-04-12T16:44:52.131862" elapsed="3.799311"/>
</kw>
<tag>Login</tag>
<tag>TC04</tag>
<status status="PASS" start="2025-04-12T16:44:39.341744" elapsed="16.590258"/>
</test>
<test id="s1-t5" name="TC05 - Acessar o site do Orange HRM e fazer login, e trocar nome do usauario" line="119">
<kw name="Abrir o navegador e acessar o site" type="SETUP">
<kw name="Set Selenium Speed" owner="SeleniumLibrary">
<arg>value=0.5</arg>
<doc>Sets the delay that is waited after each Selenium command.</doc>
<status status="PASS" start="2025-04-12T16:44:55.939179" elapsed="0.000777"/>
</kw>
<kw name="Open Browser" owner="SeleniumLibrary">
<msg time="2025-04-12T16:44:55.941656" level="INFO">Opening browser 'chrome' to base url 'https://opensource-demo.orangehrmlive.com/web/index.php/auth/login'.</msg>
<msg time="2025-04-12T16:44:56.349012" level="WARN">The chromedriver version (134.0.6998.165) detected in PATH at C:\Users\André\AppData\Local\Programs\Python\Python313\Scripts\chromedriver.exe might not be compatible with the detected chrome version (135.0.7049.85); currently, chromedriver 135.0.7049.84 is recommended for chrome 135.*, so it is advised to delete the driver in PATH and retry</msg>
<arg>browser=${BROWSER}</arg>
<arg>url=${URL}</arg>
<doc>Opens a new browser instance to the optional ``url``.</doc>
<status status="PASS" start="2025-04-12T16:44:55.940632" elapsed="4.784038"/>
</kw>
<status status="PASS" start="2025-04-12T16:44:55.938112" elapsed="4.786869"/>
</kw>
<kw name="Verificar se a página foi aberta">
<kw name="Wait Until Element Is Visible" owner="SeleniumLibrary">
<arg>locator=${INPUT_USERNAME}</arg>
<arg>timeout=15s</arg>
<doc>Waits until the element ``locator`` is visible.</doc>
<status status="PASS" start="2025-04-12T16:45:00.726348" elapsed="1.064228"/>
</kw>
<status status="PASS" start="2025-04-12T16:45:00.725781" elapsed="1.065320"/>
</kw>
<kw name="Informar o nome de usuário">
<kw name="Input Text" owner="SeleniumLibrary">
<msg time="2025-04-12T16:45:01.794935" level="INFO">Typing text 'Admin' into text field '//Input[@name="username"]'.</msg>
<arg>locator=${INPUT_USERNAME}</arg>
<arg>text=${USER_NAME}</arg>
<doc>Types the given ``text`` into the text field identified by ``locator``.</doc>
<status status="PASS" start="2025-04-12T16:45:01.793686" elapsed="1.677767"/>
</kw>
<status status="PASS" start="2025-04-12T16:45:01.792452" elapsed="1.679852"/>
</kw>
<kw name="Informar a senha">
<kw name="Input Text" owner="SeleniumLibrary">
<msg time="2025-04-12T16:45:03.475745" level="INFO">Typing text 'admin123' into text field '//input[@name="password"]'.</msg>
<arg>locator=${INPUT_PASSWORD}</arg>
<arg>text=${PASSWORD}</arg>
<doc>Types the given ``text`` into the text field identified by ``locator``.</doc>
<status status="PASS" start="2025-04-12T16:45:03.474610" elapsed="1.807826"/>
</kw>
<status status="PASS" start="2025-04-12T16:45:03.473525" elapsed="1.809437"/>
</kw>
<kw name="Clicar no botão de login">
<kw name="Click Element" owner="SeleniumLibrary">
<msg time="2025-04-12T16:45:05.287241" level="INFO">Clicking element '//button[@class="oxd-button oxd-button--medium oxd-button--main orangehrm-login-button"]'.</msg>
<arg>locator=${BUTTON_LOGIN}</arg>
<doc>Click the element identified by ``locator``.</doc>
<status status="PASS" start="2025-04-12T16:45:05.286100" elapsed="2.318498"/>
</kw>
<status status="PASS" start="2025-04-12T16:45:05.284355" elapsed="2.320515"/>
</kw>
<kw name="Verificar se o login foi feito">
<kw name="Wait Until Element Is Visible" owner="SeleniumLibrary">
<arg>locator=${BUTTON_UPGRADE}</arg>
<arg>timeout=15s</arg>
<doc>Waits until the element ``locator`` is visible.</doc>
<status status="PASS" start="2025-04-12T16:45:07.606163" elapsed="1.063126"/>
</kw>
<status status="PASS" start="2025-04-12T16:45:07.605546" elapsed="1.064077"/>
</kw>
<kw name="Trocar de nome e sobrenome">
<kw name="Click Element" owner="SeleniumLibrary">
<msg time="2025-04-12T16:45:08.671709" level="INFO">Clicking element '//*[@id="app"]/div[1]/div[1]/aside/nav/div[2]/ul/li[6]/a'.</msg>
<arg>locator=${BUTTON_MY_INFO}</arg>
<doc>Click the element identified by ``locator``.</doc>
<status status="PASS" start="2025-04-12T16:45:08.671133" elapsed="1.960931"/>
</kw>
<kw name="Click Element" owner="SeleniumLibrary">
<msg time="2025-04-12T16:45:10.633599" level="INFO">Clicking element '//input[@name="firstName"]'.</msg>
<arg>locator=${FIRST_NAME_FIELD}</arg>
<doc>Click the element identified by ``locator``.</doc>
<status status="PASS" start="2025-04-12T16:45:10.632705" elapsed="1.220018"/>
</kw>
<kw name="Input Text" owner="SeleniumLibrary">
<msg time="2025-04-12T16:45:11.854458" level="INFO">Typing text 'Tocha' into text field '//input[@name="firstName"]'.</msg>
<arg>locator=${FIRST_NAME_FIELD}</arg>
<arg>text=Tocha</arg>
<doc>Types the given ``text`` into the text field identified by ``locator``.</doc>
<status status="PASS" start="2025-04-12T16:45:11.853402" elapsed="1.816347"/>
</kw>
<kw name="Click Element" owner="SeleniumLibrary">
<msg time="2025-04-12T16:45:13.671433" level="INFO">Clicking element '//input[@name="middleName"]'.</msg>
<arg>locator=${MID_NAME_FIELD}</arg>
<doc>Click the element identified by ``locator``.</doc>
<status status="PASS" start="2025-04-12T16:45:13.670457" elapsed="1.178989"/>
</kw>
<kw name="Input Text" owner="SeleniumLibrary">
<msg time="2025-04-12T16:45:14.851226" level="INFO">Typing text 'Teste' into text field '//input[@name="middleName"]'.</msg>
<arg>locator=${MID_NAME_FIELD}</arg>
<arg>text=Teste</arg>
<doc>Types the given ``text`` into the text field identified by ``locator``.</doc>
<status status="PASS" start="2025-04-12T16:45:14.850156" elapsed="1.804365"/>
</kw>
<kw name="Click Element" owner="SeleniumLibrary">
<msg time="2025-04-12T16:45:16.655438" level="INFO">Clicking element '//input[@name="lastName"]'.</msg>
<arg>locator=${LAST_NAME_FIELD}</arg>
<doc>Click the element identified by ``locator``.</doc>
<status status="PASS" start="2025-04-12T16:45:16.654911" elapsed="1.190130"/>
</kw>
<kw name="Input Text" owner="SeleniumLibrary">
<msg time="2025-04-12T16:45:17.846790" level="INFO">Typing text 'Almeida' into text field '//input[@name="lastName"]'.</msg>
<arg>locator=${LAST_NAME_FIELD}</arg>
<arg>text=Almeida</arg>
<doc>Types the given ``text`` into the text field identified by ``locator``.</doc>
<status status="PASS" start="2025-04-12T16:45:17.845737" elapsed="1.807390"/>
</kw>
<kw name="Click Element" owner="SeleniumLibrary">
<msg time="2025-04-12T16:45:19.654765" level="INFO">Clicking element '//button[@class="oxd-button oxd-button--medium oxd-button--secondary orangehrm-left-space"]'.</msg>
<arg>locator=${BUTTON_SAVE}</arg>
<doc>Click the element identified by ``locator``.</doc>
<status status="PASS" start="2025-04-12T16:45:19.653816" elapsed="1.132395"/>
</kw>
<status status="PASS" start="2025-04-12T16:45:08.670469" elapsed="12.116222"/>
</kw>
<kw name="Close Browser" owner="SeleniumLibrary" type="TEARDOWN">
<doc>Closes the current browser.</doc>
<status status="PASS" start="2025-04-12T16:45:20.790113" elapsed="2.746112"/>
</kw>
<tag>Login</tag>
<tag>TC05</tag>
<status status="PASS" start="2025-04-12T16:44:55.935622" elapsed="27.601427"/>
</test>
<status status="PASS" start="2025-04-12T16:43:58.011219" elapsed="85.530255"/>
</suite>
<statistics>
<total>
<stat pass="5" fail="0" skip="0">All Tests</stat>
</total>
<tag>
<stat pass="5" fail="0" skip="0">Login</stat>
<stat pass="1" fail="0" skip="0">TC01</stat>
<stat pass="1" fail="0" skip="0">TC02</stat>
<stat pass="1" fail="0" skip="0">TC03</stat>
<stat pass="1" fail="0" skip="0">TC04</stat>
<stat pass="1" fail="0" skip="0">TC05</stat>
</tag>
<suite>
<stat pass="5" fail="0" skip="0" id="s1" name="Test Orange">Test Orange</stat>
</suite>
</statistics>
<errors>
<msg time="2025-04-12T16:43:58.710871" level="WARN">The chromedriver version (134.0.6998.165) detected in PATH at C:\Users\André\AppData\Local\Programs\Python\Python313\Scripts\chromedriver.exe might not be compatible with the detected chrome version (135.0.7049.85); currently, chromedriver 135.0.7049.84 is recommended for chrome 135.*, so it is advised to delete the driver in PATH and retry</msg>
<msg time="2025-04-12T16:44:07.535166" level="WARN">The chromedriver version (134.0.6998.165) detected in PATH at C:\Users\André\AppData\Local\Programs\Python\Python313\Scripts\chromedriver.exe might not be compatible with the detected chrome version (135.0.7049.85); currently, chromedriver 135.0.7049.84 is recommended for chrome 135.*, so it is advised to delete the driver in PATH and retry</msg>
<msg time="2025-04-12T16:44:23.548963" level="WARN">The chromedriver version (134.0.6998.165) detected in PATH at C:\Users\André\AppData\Local\Programs\Python\Python313\Scripts\chromedriver.exe might not be compatible with the detected chrome version (135.0.7049.85); currently, chromedriver 135.0.7049.84 is recommended for chrome 135.*, so it is advised to delete the driver in PATH and retry</msg>
<msg time="2025-04-12T16:44:39.716921" level="WARN">The chromedriver version (134.0.6998.165) detected in PATH at C:\Users\André\AppData\Local\Programs\Python\Python313\Scripts\chromedriver.exe might not be compatible with the detected chrome version (135.0.7049.85); currently, chromedriver 135.0.7049.84 is recommended for chrome 135.*, so it is advised to delete the driver in PATH and retry</msg>
<msg time="2025-04-12T16:44:56.349012" level="WARN">The chromedriver version (134.0.6998.165) detected in PATH at C:\Users\André\AppData\Local\Programs\Python\Python313\Scripts\chromedriver.exe might not be compatible with the detected chrome version (135.0.7049.85); currently, chromedriver 135.0.7049.84 is recommended for chrome 135.*, so it is advised to delete the driver in PATH and retry</msg>
</errors>
</robot>
