<?xml version="1.0" encoding="UTF-8"?>
<robot generator="Robot 7.2.2 (Python 3.13.2 on win32)" generated="2025-05-13T21:15:06.249514" rpa="false" schemaversion="5">
<suite id="s1" name="Webtest02" source="D:\Documentos HD\Aulas\Andre-2025\Exercicios\Webtest02">
<suite id="s1-s1" name="Tests" source="D:\Documentos HD\Aulas\Andre-2025\Exercicios\Webtest02\tests">
<suite id="s1-s1-s1" name="Login" source="D:\Documentos HD\Aulas\Andre-2025\Exercicios\Webtest02\tests\login.robot">
<test id="s1-s1-s1-t1" name="TC03 - Acessar o site do Orange HRM e fazer login com username inválido" line="18">
<kw name="Abrir o navegador e acessar o site" owner="settings_keywords" type="SETUP">
<kw name="Set Selenium Speed" owner="SeleniumLibrary">
<arg>value=0.5</arg>
<doc>Sets the delay that is waited after each Selenium command.</doc>
<status status="PASS" start="2025-05-13T21:15:06.602717" elapsed="0.000423"/>
</kw>
<kw name="Open Browser" owner="SeleniumLibrary">
<msg time="2025-05-13T21:15:06.603792" level="INFO">Opening browser 'chrome' to base url 'https://opensource-demo.orangehrmlive.com/web/index.php/auth/login'.</msg>
<arg>browser=${BROWSER}</arg>
<arg>url=${URL}</arg>
<doc>Opens a new browser instance to the optional ``url``.</doc>
<status status="PASS" start="2025-05-13T21:15:06.603368" elapsed="3.407599"/>
</kw>
<kw name="Maximize Browser Window" owner="SeleniumLibrary">
<doc>Maximizes current browser window.</doc>
<status status="PASS" start="2025-05-13T21:15:10.011291" elapsed="0.535548"/>
</kw>
<status status="PASS" start="2025-05-13T21:15:06.601855" elapsed="3.945217"/>
</kw>
<kw name="Informar o nome de usuário" owner="orange_keywors">
<kw name="Input Text" owner="SeleniumLibrary">
<msg time="2025-05-13T21:15:10.549071" level="INFO">Typing text 'Gator' into text field '//Input[@name="username"]'.</msg>
<arg>locator=${login_page.input_username}</arg>
<arg>text=${nome}</arg>
<doc>Types the given ``text`` into the text field identified by ``locator``.</doc>
<status status="PASS" start="2025-05-13T21:15:10.548158" elapsed="1.571646"/>
</kw>
<arg>${INVALID_USER_NAME}</arg>
<status status="PASS" start="2025-05-13T21:15:10.547521" elapsed="1.572531"/>
</kw>
<kw name="Informar a senha" owner="orange_keywors">
<kw name="Input Text" owner="SeleniumLibrary">
<msg time="2025-05-13T21:15:12.121852" level="INFO">Typing text 'admin123' into text field '//input[@name="password"]'.</msg>
<arg>locator=${login_page.input_password}</arg>
<arg>text=${password}</arg>
<doc>Types the given ``text`` into the text field identified by ``locator``.</doc>
<status status="PASS" start="2025-05-13T21:15:12.121096" elapsed="1.559624"/>
</kw>
<arg>${PASSWORD}</arg>
<status status="PASS" start="2025-05-13T21:15:12.120443" elapsed="1.560568"/>
</kw>
<kw name="Clicar no botão de login" owner="orange_keywors">
<kw name="Click Element" owner="SeleniumLibrary">
<msg time="2025-05-13T21:15:13.682754" level="INFO">Clicking element '//button[@class="oxd-button oxd-button--medium oxd-button--main orangehrm-login-button"]'.</msg>
<arg>locator=${login_page.button_login}</arg>
<doc>Click the element identified by ``locator``.</doc>
<status status="PASS" start="2025-05-13T21:15:13.682041" elapsed="1.048850"/>
</kw>
<status status="PASS" start="2025-05-13T21:15:13.681425" elapsed="1.049692"/>
</kw>
<kw name="Exibir resposta de credencial inválida" owner="orange_keywors">
<kw name="Wait Until Element Is Visible" owner="SeleniumLibrary">
<arg>locator=${login_page.txt_invalid_credentials}</arg>
<doc>Waits until the element ``locator`` is visible.</doc>
<status status="PASS" start="2025-05-13T21:15:14.732083" elapsed="1.726753"/>
</kw>
<status status="PASS" start="2025-05-13T21:15:14.731488" elapsed="1.727585"/>
</kw>
<kw name="Close Browser" owner="SeleniumLibrary" type="TEARDOWN">
<doc>Closes the current browser.</doc>
<status status="PASS" start="2025-05-13T21:15:16.459511" elapsed="2.565776"/>
</kw>
<tag>Login</tag>
<tag>TC03</tag>
<status status="PASS" start="2025-05-13T21:15:06.600695" elapsed="12.424932"/>
</test>
<status status="PASS" start="2025-05-13T21:15:06.279033" elapsed="12.747903"/>
</suite>
<status status="PASS" start="2025-05-13T21:15:06.276922" elapsed="12.751432"/>
</suite>
<status status="PASS" start="2025-05-13T21:15:06.253669" elapsed="12.775804"/>
</suite>
<statistics>
<total>
<stat pass="1" fail="0" skip="0">All Tests</stat>
</total>
<tag>
<stat pass="1" fail="0" skip="0">Login</stat>
<stat pass="1" fail="0" skip="0">TC03</stat>
</tag>
<suite>
<stat name="Webtest02" id="s1" pass="1" fail="0" skip="0">Webtest02</stat>
<stat name="Tests" id="s1-s1" pass="1" fail="0" skip="0">Webtest02.Tests</stat>
<stat name="Login" id="s1-s1-s1" pass="1" fail="0" skip="0">Webtest02.Tests.Login</stat>
</suite>
</statistics>
<errors>
</errors>
</robot>
